dsl.py already exists, skipping download.
generators.py already exists, skipping download.
main.py already exists, skipping download.
utils.py already exists, skipping download.
verifiers.py already exists, skipping download.
WARNING: Could not find any nv files on this host!
Using 2 worker processes
Process 2500701 generating examples for task 00d62c1b
Process 2500701 generating examples for task 025d127b
Process 2500701 generating examples for task 0520fde7
Process 2500701 generating examples for task 05f2a901
Process 2500701 generating examples for task 08ed6ac7
Process 2500701 generating examples for task 0962bcdd
Process 2500701 generating examples for task 0b148d64
Process 2500701 generating examples for task 0d3d703e
Process 2500701 generating examples for task 0e206a2e
Process 2500701 generating examples for task 11852cab
Process 2500701 generating examples for task 137eaa0f
Process 2500701 generating examples for task 178fcbfb
Process 2500701 generating examples for task 1b2d62fb
Process 2500701 generating examples for task 1bfc4729
Process 2500701 generating examples for task 1caeab9d
Process 2500701 generating examples for task 1e0a9b12
Process 2500701 generating examples for task 1f0c79e5
Process 2500701 generating examples for task 1f85a75f
Process 2500701 generating examples for task 1fad071e
Process 2500701 generating examples for task 2204b7a8
Process 2500701 generating examples for task 22233c11
Process 2500701 generating examples for task 228f6490
Process 2500701 generating examples for task 234bbc79
Process 2500701 generating examples for task 239be575
Process 2500701 generating examples for task 253bf280
Process 2500701 generating examples for task 25d8a9c8
Process 2500701 generating examples for task 264363fd
Process 2500701 generating examples for task 27a28665
Process 2500701 generating examples for task 28e73c20
Process 2500701 generating examples for task 29c11459
Process 2500701 generating examples for task 2bcee788
Process 2500701 generating examples for task 2c608aff
Process 2500701 generating examples for task 2dd70a9a
Process 2500701 generating examples for task 31aa019c
Process 2500701 generating examples for task 32597951
Process 2500701 generating examples for task 3428a4f5
Process 2500701 generating examples for task 3631a71a
Process 2500701 generating examples for task 36d67576
Process 2500701 generating examples for task 3906de3d
Process 2500701 generating examples for task 39e1d7f9
Process 2500701 generating examples for task 3ac3eb23
Process 2500701 generating examples for task 3bd67248
Process 2500701 generating examples for task 3befdf3e
Process 2500701 generating examples for task 3de23699
Process 2500701 generating examples for task 3eda0437
Process 2500701 generating examples for task 40853293
Process 2500701 generating examples for task 41e4d17e
Process 2500701 generating examples for task 4290ef0e
Process 2500701 generating examples for task 4347f46a
Process 2500701 generating examples for task 445eab21
Process 2500701 generating examples for task 44d8ac46
Process 2500701 generating examples for task 4522001f
Process 2500701 generating examples for task 46442a0e
Process 2500701 generating examples for task 46f33fce
Process 2500701 generating examples for task 484b58aa
Process 2500701 generating examples for task 4938f0c2
Process 2500701 generating examples for task 49d1d64f
Process 2500701 generating examples for task 4c4377d9
Process 2500701 generating examples for task 50846271
Process 2500701 generating examples for task 50cb2852
Process 2500701 generating examples for task 5168d44c
Process 2500701 generating examples for task 53b68214
Process 2500701 generating examples for task 54d82841
Process 2500701 generating examples for task 5521c0d9
Process 2500701 generating examples for task 5614dbcf
Process 2500701 generating examples for task 56ff96f3
Process 2500701 generating examples for task 5ad4f10b
Process 2500701 generating examples for task 5c0a986e
Process 2500701 generating examples for task 5daaa586
Process 2500701 generating examples for task 6150a2bd
Process 2500701 generating examples for task 62c24649
Process 2500701 generating examples for task 6430c8c4
Process 2500701 generating examples for task 662c240a
Process 2500701 generating examples for task 673ef223
Process 2500701 generating examples for task 67a3c6ac
Process 2500701 generating examples for task 67e8384a
Process 2500701 generating examples for task 6855a6e4
Process 2500701 generating examples for task 694f12f3
Process 2500701 generating examples for task 6aa20dc0
Process 2500701 generating examples for task 6c434453
Process 2500701 generating examples for task 6cf79266
Process 2500701 generating examples for task 6d0aefbc
Process 2500701 generating examples for task 6d75e8bb
Process 2500701 generating examples for task 6e19193c
Process 2500701 generating examples for task 6ecd11f4
Process 2500701 generating examples for task 6fa7a44f
Process 2500701 generating examples for task 72ca375d
Process 2500701 generating examples for task 7447852a
Process 2500701 generating examples for task 746b3537
Process 2500701 generating examples for task 75b8110e
Process 2500701 generating examples for task 776ffc46
Process 2500701 generating examples for task 780d0b14
Process 2500701 generating examples for task 794b24be
Process 2500701 generating examples for task 7b7f7511
Process 2500701 generating examples for task 7ddcd7ec
Process 2500701 generating examples for task 7e0986d6
Process 2500701 generating examples for task 7fe24cdd
Process 2500701 generating examples for task 810b9b61
Process 2500701 generating examples for task 83302e8f
Process 2500701 generating examples for task 8403a5d5
Process 2500701 generating examples for task 855e0971
Process 2500701 generating examples for task 868de0fa
Process 2500701 generating examples for task 88a10436
Process 2500701 generating examples for task 890034e9
Process 2500701 generating examples for task 8be77c9e
Process 2500701 generating examples for task 8d510a79
Process 2500701 generating examples for task 8e5a5113
Process 2500701 generating examples for task 8efcae92
Process 2500701 generating examples for task 90c28cc7
Process 2500701 generating examples for task 913fb3ed
Process 2500701 generating examples for task 91714a58
Process 2500701 generating examples for task 928ad970
Process 2500701 generating examples for task 941d9a10
Process 2500701 generating examples for task 952a094c
Process 2500701 generating examples for task 95990924
Process 2500701 generating examples for task 97999447
Process 2500701 generating examples for task 98cf29f8
Process 2500701 generating examples for task 99b1bc43
Process 2500701 generating examples for task 9aec4887
Process 2500701 generating examples for task 9d9215db
Process 2500701 generating examples for task 9ecd008a
Process 2500701 generating examples for task 9f236235
Process 2500701 generating examples for task a2fd1cf0
Process 2500701 generating examples for task a3df8b1e
Process 2500701 generating examples for task a48eeaf7
Process 2500701 generating examples for task a5f85a15
Process 2500701 generating examples for task a61f2674
Process 2500701 generating examples for task a65b410d
Process 2500701 generating examples for task a699fb00
Process 2500701 generating examples for task a78176bb
Process 2500701 generating examples for task a85d4709
Process 2500701 generating examples for task a8c38be5
Process 2500701 generating examples for task a9f96cdd
Process 2500701 generating examples for task aba27056
Process 2500701 generating examples for task ae3edfdc
Process 2500701 generating examples for task aedd82e4
Process 2500701 generating examples for task b0c4d837
Process 2500701 generating examples for task b1948b0a
Process 2500701 generating examples for task b27ca6d3
Process 2500701 generating examples for task b527c5c6
Process 2500701 generating examples for task b60334d2
Process 2500701 generating examples for task b7249182
Process 2500701 generating examples for task b782dc8a
Process 2500701 generating examples for task b8cdaf2b
Process 2500701 generating examples for task b94a9452
Process 2500701 generating examples for task ba26e723
Process 2500701 generating examples for task bb43febb
Process 2500701 generating examples for task bc1d5164
Process 2500701 generating examples for task bda2d7a6
Process 2500701 generating examples for task be94b721
Process 2500701 generating examples for task c0f76784
Process 2500701 generating examples for task c3e719e8
Process 2500701 generating examples for task c444b776
Process 2500701 generating examples for task c8cbb738
Process 2500701 generating examples for task c909285e
Process 2500701 generating examples for task c9f8e694
Process 2500701 generating examples for task cbded52d
Process 2500701 generating examples for task cdecee7f
Process 2500701 generating examples for task ce4f8723
Process 2500701 generating examples for task ce9e57f2
Process 2500701 generating examples for task d037b0a7
Process 2500701 generating examples for task d07ae81c
Process 2500701 generating examples for task d10ecb37
Process 2500701 generating examples for task d22278a0
Process 2500701 generating examples for task d2abd087
Process 2500701 generating examples for task d406998b
Process 2500701 generating examples for task d4469b4b
Process 2500701 generating examples for task d4f3cd78
Process 2500701 generating examples for task d5d6de2d
Process 2500701 generating examples for task d687bc17
Process 2500701 generating examples for task d89b689b
Process 2500701 generating examples for task d90796e8
Process 2500701 generating examples for task d9fac9be
Process 2500701 generating examples for task db3e9e38
Process 2500701 generating examples for task dbc1a6ce
Process 2500701 generating examples for task dc1df850
Process 2500701 generating examples for task ddf7fa4f
Process 2500701 generating examples for task ded97339
Process 2500701 generating examples for task e21d9049
Process 2500701 generating examples for task e3497940
Process 2500701 generating examples for task e48d4e1a
Process 2500701 generating examples for task e509e548
Process 2500701 generating examples for task e6721834
Process 2500701 generating examples for task e76a88a6
Process 2500701 generating examples for task e8dc4411
Process 2500701 generating examples for task e98196ab
Process 2500701 generating examples for task ea32f347
Process 2500701 generating examples for task eb281b96
Process 2500701 generating examples for task ec883f72
Process 2500701 generating examples for task ed36ccf7
Process 2500701 generating examples for task f15e1fac
Process 2500701 generating examples for task f25fbde4
Process 2500701 generating examples for task f2829549
Process 2500701 generating examples for task f5b8619d
Process 2500701 generating examples for task f8a8fe49
Process 2500701 generating examples for task f8c80d96
Process 2500701 generating examples for task f9012d9b
Process 2500701 generating examples for task fcb5c309
Process 2500701 generating examples for task feca6190
Process 2500701 generating examples for task ff805c23
Process 2500700 generating examples for task 007bbfb7
Process 2500700 generating examples for task 017c7c7b
Process 2500700 generating examples for task 045e512c
Process 2500700 generating examples for task 05269061
Process 2500700 generating examples for task 06df4c85
Process 2500700 generating examples for task 09629e4f
Process 2500700 generating examples for task 0a938d79
Process 2500700 generating examples for task 0ca9ddb6
Process 2500700 generating examples for task 0dfd9992
Process 2500700 generating examples for task 10fcaaa3
Process 2500700 generating examples for task 1190e5a7
Process 2500700 generating examples for task 150deff5
Process 2500700 generating examples for task 1a07d186
Process 2500700 generating examples for task 1b60fb0c
Process 2500700 generating examples for task 1c786137
Process 2500700 generating examples for task 1cf80156
Process 2500700 generating examples for task 1e32b0e9
Process 2500700 generating examples for task 1f642eb9
Process 2500700 generating examples for task 1f876c06
Process 2500700 generating examples for task 2013d3e2
Process 2500700 generating examples for task 22168020
Process 2500700 generating examples for task 2281f1f4
Process 2500700 generating examples for task 22eb0ac0
Process 2500700 generating examples for task 23581191
Process 2500700 generating examples for task 23b5c85d
Process 2500700 generating examples for task 25d487eb
Process 2500700 generating examples for task 25ff71a9
Process 2500700 generating examples for task 272f95fa
Process 2500700 generating examples for task 28bf18c6
Process 2500700 generating examples for task 29623171
Process 2500700 generating examples for task 29ec7d0e
Process 2500700 generating examples for task 2bee17df
Process 2500700 generating examples for task 2dc579da
Process 2500700 generating examples for task 2dee498d
Process 2500700 generating examples for task 321b1fc6
Process 2500700 generating examples for task 3345333e
Process 2500700 generating examples for task 3618c87e
Process 2500700 generating examples for task 363442ee
Process 2500700 generating examples for task 36fdfd69
Process 2500700 generating examples for task 39a8645d
Process 2500700 generating examples for task 3aa6fb7a
Process 2500700 generating examples for task 3af2c5a8
Process 2500700 generating examples for task 3bdb4ada
Process 2500700 generating examples for task 3c9b0459
Process 2500700 generating examples for task 3e980e27
Process 2500700 generating examples for task 3f7978a0
Process 2500700 generating examples for task 4093f84a
Process 2500700 generating examples for task 4258a5f9
Process 2500700 generating examples for task 42a50994
Process 2500700 generating examples for task 444801d8
Process 2500700 generating examples for task 447fd412
Process 2500700 generating examples for task 44f52bb0
Process 2500700 generating examples for task 4612dd53
Process 2500700 generating examples for task 469497ad
Process 2500700 generating examples for task 47c1f68c
Process 2500700 generating examples for task 48d8fb45
Process 2500700 generating examples for task 496994bd
Process 2500700 generating examples for task 4be741c5
Process 2500700 generating examples for task 4c5c2cf0
Process 2500700 generating examples for task 508bd3b6
Process 2500700 generating examples for task 5117e062
Process 2500700 generating examples for task 539a4f51
Process 2500700 generating examples for task 543a7ed5
Process 2500700 generating examples for task 54d9e175
Process 2500700 generating examples for task 5582e5ca
Process 2500700 generating examples for task 56dc2b01
Process 2500700 generating examples for task 57aa92db
Process 2500700 generating examples for task 5bd6f4ac
Process 2500700 generating examples for task 5c2c9af4
Process 2500700 generating examples for task 60b61512
Process 2500700 generating examples for task 623ea044
Process 2500700 generating examples for task 63613498
Process 2500700 generating examples for task 6455b5f5
Process 2500700 generating examples for task 67385a82
Process 2500700 generating examples for task 6773b310
Process 2500700 generating examples for task 67a423a3
Process 2500700 generating examples for task 681b3aeb
Process 2500700 generating examples for task 68b16354
Process 2500700 generating examples for task 6a1e5592
Process 2500700 generating examples for task 6b9890af
Process 2500700 generating examples for task 6cdd2623
Process 2500700 generating examples for task 6d0160f0
Process 2500700 generating examples for task 6d58a25d
Process 2500700 generating examples for task 6e02f1e3
Process 2500700 generating examples for task 6e82a1ae
Process 2500700 generating examples for task 6f8cd79b
Process 2500700 generating examples for task 72322fa7
Process 2500700 generating examples for task 73251a56
Process 2500700 generating examples for task 7468f01a
Process 2500700 generating examples for task 74dd1130
Process 2500700 generating examples for task 760b3cac
Process 2500700 generating examples for task 77fdfe62
Process 2500700 generating examples for task 7837ac64
Process 2500700 generating examples for task 7b6016b9
Process 2500700 generating examples for task 7c008303
Process 2500700 generating examples for task 7df24a62
Process 2500700 generating examples for task 7f4411dc
Process 2500700 generating examples for task 80af3007
Process 2500700 generating examples for task 82819916
Process 2500700 generating examples for task 834ec97d
Process 2500700 generating examples for task 846bdb03
Process 2500700 generating examples for task 85c4e7cd
Process 2500700 generating examples for task 8731374e
Process 2500700 generating examples for task 88a62173
Process 2500700 generating examples for task 8a004b2b
Process 2500700 generating examples for task 8d5021e8
Process 2500700 generating examples for task 8e1813be
Process 2500700 generating examples for task 8eb1be9a
Process 2500700 generating examples for task 8f2ea7aa
Process 2500700 generating examples for task 90f3ed37
Process 2500700 generating examples for task 91413438
Process 2500700 generating examples for task 9172f3a0
Process 2500700 generating examples for task 93b581b8
Process 2500700 generating examples for task 94f9d214
Process 2500700 generating examples for task 9565186b
Process 2500700 generating examples for task 963e52fc
Process 2500700 generating examples for task 97a05b5b
Process 2500700 generating examples for task 995c5fa3
Process 2500700 generating examples for task 99fa7670
Process 2500700 generating examples for task 9af7a82c
Process 2500700 generating examples for task 9dfd6313
Process 2500700 generating examples for task 9edfc990
Process 2500700 generating examples for task a1570a43
Process 2500700 generating examples for task a3325580
Process 2500700 generating examples for task a416b8f3
Process 2500700 generating examples for task a5313dff
Process 2500700 generating examples for task a61ba2ce
Process 2500700 generating examples for task a64e4611
Process 2500700 generating examples for task a68b268e
Process 2500700 generating examples for task a740d043
Process 2500700 generating examples for task a79310a0
Process 2500700 generating examples for task a87f7484
Process 2500700 generating examples for task a8d7556c
Process 2500700 generating examples for task aabf363d
Process 2500700 generating examples for task ac0a08a4
Process 2500700 generating examples for task ae4f1146
Process 2500700 generating examples for task af902bf9
Process 2500700 generating examples for task b190f7f5
Process 2500700 generating examples for task b230c067
Process 2500700 generating examples for task b2862040
Process 2500700 generating examples for task b548a754
Process 2500700 generating examples for task b6afb2da
Process 2500700 generating examples for task b775ac94
Process 2500700 generating examples for task b8825c91
Process 2500700 generating examples for task b91ae062
Process 2500700 generating examples for task b9b7f026
Process 2500700 generating examples for task ba97ae07
Process 2500700 generating examples for task bbc9ae5d
Process 2500700 generating examples for task bd4472b8
Process 2500700 generating examples for task bdad9b1f
Process 2500700 generating examples for task beb8660c
Process 2500700 generating examples for task c1d99e64
Process 2500700 generating examples for task c3f564a4
Process 2500700 generating examples for task c59eb873
Process 2500700 generating examples for task c8f0f002
Process 2500700 generating examples for task c9e6f938
Process 2500700 generating examples for task caa06a1f
Process 2500700 generating examples for task cce03e0d
Process 2500700 generating examples for task ce22a75a
Process 2500700 generating examples for task ce602527
Process 2500700 generating examples for task cf98881b
Process 2500700 generating examples for task d06dbe63
Process 2500700 generating examples for task d0f5fe59
Process 2500700 generating examples for task d13f3404
Process 2500700 generating examples for task d23f8c26
Process 2500700 generating examples for task d364b489
Process 2500700 generating examples for task d43fd935
Process 2500700 generating examples for task d4a91cb9
Process 2500700 generating examples for task d511f180
Process 2500700 generating examples for task d631b094
Process 2500700 generating examples for task d6ad076f
Process 2500700 generating examples for task d8c310e9
Process 2500700 generating examples for task d9f24cd1
Process 2500700 generating examples for task dae9d2b5
Process 2500700 generating examples for task db93a21d
Process 2500700 generating examples for task dc0a314f
Process 2500700 generating examples for task dc433765
Process 2500700 generating examples for task de1cd16c
Process 2500700 generating examples for task e179c5f4
Process 2500700 generating examples for task e26a3af2
Process 2500700 generating examples for task e40b9e2f
Process 2500700 generating examples for task e5062a87
Process 2500700 generating examples for task e50d258f
Process 2500700 generating examples for task e73095fd
Process 2500700 generating examples for task e8593010
Process 2500700 generating examples for task e9614598
Process 2500700 generating examples for task e9afcf9a
Process 2500700 generating examples for task ea786f4a
Process 2500700 generating examples for task eb5a1d5d
Process 2500700 generating examples for task ecdecbb3
Process 2500700 generating examples for task ef135b50
Process 2500700 generating examples for task f1cefba8
Process 2500700 generating examples for task f25ffba3
Process 2500700 generating examples for task f35d900a
Process 2500700 generating examples for task f76d97a5
Process 2500700 generating examples for task f8b3ba0a
Process 2500700 generating examples for task f8ff0b80
Process 2500700 generating examples for task fafffa47
Process 2500700 generating examples for task fcc82909
Process 2500700 generating examples for task ff28f65a
All subsets merged into gen10000
Dataset generation complete. Results saved to gen10000
