[2025-05-04 20:45:46,375] [INFO] [real_accelerator.py:239:get_accelerator] Setting ds_accelerator to cuda (auto detect)
The model weights are not tied. Please use the `tie_weights` method before using the `infer_auto_device` function.
Loading checkpoint shards:   0%|          | 0/6 [00:00<?, ?it/s]Loading checkpoint shards:  17%|█▋        | 1/6 [00:02<00:12,  2.47s/it]Loading checkpoint shards:  33%|███▎      | 2/6 [00:05<00:12,  3.00s/it]Loading checkpoint shards:  50%|█████     | 3/6 [00:09<00:09,  3.24s/it]Loading checkpoint shards:  67%|██████▋   | 4/6 [00:12<00:06,  3.30s/it]Loading checkpoint shards:  83%|████████▎ | 5/6 [00:16<00:03,  3.29s/it]Loading checkpoint shards: 100%|██████████| 6/6 [00:18<00:00,  3.00s/it]Loading checkpoint shards: 100%|██████████| 6/6 [00:18<00:00,  3.08s/it]
Loaded model on device: cuda:0
Training examples:
Input: [[0, 7, 7], [7, 7, 7], [0, 7, 7]]
Output: [[0, 0, 0, 0, 7, 7, 0, 7, 7], [0, 0, 0, 7, 7, 7, 7, 7, 7], [0, 0, 0, 0, 7, 7, 0, 7, 7], [0, 7, 7, 0, 7, 7, 0, 7, 7], [7, 7, 7, 7, 7, 7, 7, 7, 7], [0, 7, 7, 0, 7, 7, 0, 7, 7], [0, 0, 0, 0, 7, 7, 0, 7, 7], [0, 0, 0, 7, 7, 7, 7, 7, 7], [0, 0, 0, 0, 7, 7, 0, 7, 7]]

Input: [[4, 0, 4], [0, 0, 0], [0, 4, 0]]
Output: [[4, 0, 4, 0, 0, 0, 4, 0, 4], [0, 0, 0, 0, 0, 0, 0, 0, 0], [0, 4, 0, 0, 0, 0, 0, 4, 0], [0, 0, 0, 0, 0, 0, 0, 0, 0], [0, 0, 0, 0, 0, 0, 0, 0, 0], [0, 0, 0, 0, 0, 0, 0, 0, 0], [0, 0, 0, 4, 0, 4, 0, 0, 0], [0, 0, 0, 0, 0, 0, 0, 0, 0], [0, 0, 0, 0, 4, 0, 0, 0, 0]]

Input: [[0, 0, 0], [0, 0, 2], [2, 0, 2]]
Output: [[0, 0, 0, 0, 0, 0, 0, 0, 0], [0, 0, 0, 0, 0, 0, 0, 0, 0], [0, 0, 0, 0, 0, 0, 0, 0, 0], [0, 0, 0, 0, 0, 0, 0, 0, 0], [0, 0, 0, 0, 0, 0, 0, 0, 2], [0, 0, 0, 0, 0, 0, 2, 0, 2], [0, 0, 0, 0, 0, 0, 0, 0, 0], [0, 0, 2, 0, 0, 0, 0, 0, 2], [2, 0, 2, 0, 0, 0, 2, 0, 2]]

Input: [[6, 6, 0], [6, 0, 0], [0, 6, 6]]
Output: [[6, 6, 0, 6, 6, 0, 0, 0, 0], [6, 0, 0, 6, 0, 0, 0, 0, 0], [0, 6, 6, 0, 6, 6, 0, 0, 0], [6, 6, 0, 0, 0, 0, 0, 0, 0], [6, 0, 0, 0, 0, 0, 0, 0, 0], [0, 6, 6, 0, 0, 0, 0, 0, 0], [0, 0, 0, 6, 6, 0, 6, 6, 0], [0, 0, 0, 6, 0, 0, 6, 0, 0], [0, 0, 0, 0, 6, 6, 0, 6, 6]]

Input: [[2, 2, 2], [0, 0, 0], [0, 2, 2]]
Output: [[2, 2, 2, 2, 2, 2, 2, 2, 2], [0, 0, 0, 0, 0, 0, 0, 0, 0], [0, 2, 2, 0, 2, 2, 0, 2, 2], [0, 0, 0, 0, 0, 0, 0, 0, 0], [0, 0, 0, 0, 0, 0, 0, 0, 0], [0, 0, 0, 0, 0, 0, 0, 0, 0], [0, 0, 0, 2, 2, 2, 2, 2, 2], [0, 0, 0, 0, 0, 0, 0, 0, 0], [0, 0, 0, 0, 2, 2, 0, 2, 2]]



Generated output:
[[7, 0, 7, 7, 0, 7, 7, 0, 7], [7, 0, 7, 7, 0, 7, 7, 0, 7], [7, 7, 0, 7, 7, 0, 7, 7, 0, 7, 7, 0, 7, 7, 0, 7, 7, 0, 7, 7, 0, 7, 7, 0]]

==================================================
RESULTS SUMMARY
==================================================
Task ID: 007bbfb7

Correct Output Shape: 9x9
Generated Output Shape: 3x9

Correct Output:
7 0 7 0 0 0 7 0 7
7 0 7 0 0 0 7 0 7
7 7 0 0 0 0 7 7 0
7 0 7 0 0 0 7 0 7
7 0 7 0 0 0 7 0 7
7 7 0 0 0 0 7 7 0
7 0 7 7 0 7 0 0 0
7 0 7 7 0 7 0 0 0
7 7 0 7 7 0 0 0 0

Generated Grid:
7 0 7 7 0 7 7 0 7
7 0 7 7 0 7 7 0 7
7 7 0 7 7 0 7 7 0 7 7 0 7 7 0 7 7 0 7 7 0 7 7 0

ACCURACY: 0.00%

Correct Output                 | Generated Grid
------------------------------ | ------------------------------
 7  0  7  0  0  0  7  0  7     |  7  0  7  7  0  7  7  0  7
 7  0  7  0  0  0  7  0  7     |  7  0  7  7  0  7  7  0  7
 7  7  0  0  0  0  7  7  0     |  7  7  0  7  7  0  7  7  0  7  7  0  7  7  0  7  7  0  7  7  0  7  7  0
 7  0  7  0  0  0  7  0  7     |                   
 7  0  7  0  0  0  7  0  7     |                   
 7  7  0  0  0  0  7  7  0     |                   
 7  0  7  7  0  7  0  0  0     |                   
 7  0  7  7  0  7  0  0  0     |                   
 7  7  0  7  7  0  0  0  0     |                   
